<?xml version="1.0" encoding="UTF-8"?>
<testsuite name="lv.javaguru.travel.insurance.core.DateTimeServiceTest" tests="3" skipped="0" failures="0" errors="0" timestamp="2023-10-11T13:35:54" hostname="DESKTOP-B776MGB" time="0.058">
  <properties/>
  <testcase name="shouldDaysBetweenBePositive()" classname="lv.javaguru.travel.insurance.core.DateTimeServiceTest" time="0.047"/>
  <testcase name="shouldDaysBetweenBeNegative()" classname="lv.javaguru.travel.insurance.core.DateTimeServiceTest" time="0.002"/>
  <testcase name="shouldDaysBetweenBeZero()" classname="lv.javaguru.travel.insurance.core.DateTimeServiceTest" time="0.003"/>
  <system-out><![CDATA[]]></system-out>
  <system-err><![CDATA[]]></system-err>
</testsuite>
