<?xml version="1.0" encoding="UTF-8"?>
<testsuite name="lv.javaguru.travel.insurance.core.TravelCalculatePremiumRequestValidatorTest" tests="5" skipped="0" failures="0" errors="0" timestamp="2023-10-11T13:36:07" hostname="DESKTOP-B776MGB" time="1.571">
  <properties/>
  <testcase name="shouldReturnErrorWhenPersonFirstNameIsEmpty()" classname="lv.javaguru.travel.insurance.core.TravelCalculatePremiumRequestValidatorTest" time="1.542"/>
  <testcase name="shouldReturnErrorWhenPersonLastNameIsNull()" classname="lv.javaguru.travel.insurance.core.TravelCalculatePremiumRequestValidatorTest" time="0.004"/>
  <testcase name="shouldReturnErrorWhenPersonFirstNameIsNull()" classname="lv.javaguru.travel.insurance.core.TravelCalculatePremiumRequestValidatorTest" time="0.006"/>
  <testcase name="shouldReturnErrorWhenPersonLastNameIsEmpty()" classname="lv.javaguru.travel.insurance.core.TravelCalculatePremiumRequestValidatorTest" time="0.006"/>
  <testcase name="shouldNotReturnErrorWhenPersonFirstNameIsPresent()" classname="lv.javaguru.travel.insurance.core.TravelCalculatePremiumRequestValidatorTest" time="0.006"/>
  <system-out><![CDATA[]]></system-out>
  <system-err><![CDATA[]]></system-err>
</testsuite>
