<?xml version="1.0" encoding="UTF-8"?>
<testsuite name="services.DeleteClientServiceTest" tests="1" skipped="0" failures="0" errors="0" timestamp="2023-10-19T12:17:08" hostname="LAPTOP-0P3C1K4T" time="0.022">
  <properties/>
  <testcase name="removeClient()" classname="services.DeleteClientServiceTest" time="0.022"/>
  <system-out><![CDATA[]]></system-out>
  <system-err><![CDATA[]]></system-err>
</testsuite>
